#
# There is insufficient memory for the Java Runtime Environment to continue.
# Native memory allocation (malloc) failed to allocate 667056 bytes for Chunk::new
# Possible reasons:
#   The system is out of physical RAM or swap space
#   In 32 bit mode, the process size limit was hit
# Possible solutions:
#   Reduce memory load on the system
#   Increase physical memory or swap space
#   Check if swap backing store is full
#   Use 64 bit Java on a 64 bit OS
#   Decrease Java heap size (-Xmx/-Xms)
#   Decrease number of Java threads
#   Decrease Java thread stack sizes (-Xss)
#   Set larger code cache with -XX:ReservedCodeCacheSize=
# This output file may be truncated or incomplete.
#
#  Out of Memory Error (allocation.cpp:390), pid=328400, tid=0x0000000000051168
#
# JRE version: Java(TM) SE Runtime Environment (8.0_144-b01) (build 1.8.0_144-b01)
# Java VM: Java HotSpot(TM) 64-Bit Server VM (25.144-b01 mixed mode windows-amd64 compressed oops)
# Failed to write core dump. Minidumps are not enabled by default on client versions of Windows
#

---------------  T H R E A D  ---------------

Current thread (0x0000000016e8a800):  JavaThread "C2 CompilerThread0" daemon [_thread_in_native, id=332136, stack(0x0000000017480000,0x0000000017580000)]

Stack: [0x0000000017480000,0x0000000017580000]
[error occurred during error reporting (printing stack bounds), id 0xc0000005]

Native frames: (J=compiled Java code, j=interpreted, Vv=VM code, C=native code)


Current CompileTask:
C2: 153054 7530       4       org.apache.cassandra.db.rows.Row$Merger::merge (361 bytes)


---------------  P R O C E S S  ---------------

Java Threads: ( => current thread )
  0x0000000018d86800 JavaThread "SharedPool-Worker-26" daemon [_thread_blocked, id=335088, stack(0x000000002ef00000,0x000000002f000000)]
  0x0000000018d88800 JavaThread "SharedPool-Worker-27" daemon [_thread_blocked, id=335084, stack(0x000000002ee00000,0x000000002ef00000)]
  0x0000000018d82000 JavaThread "SharedPool-Worker-25" daemon [_thread_blocked, id=335080, stack(0x000000002ed00000,0x000000002ee00000)]
  0x0000000018d85800 JavaThread "SharedPool-Worker-24" daemon [_thread_blocked, id=335076, stack(0x000000002ec00000,0x000000002ed00000)]
  0x000000001e829800 JavaThread "SharedPool-Worker-32" daemon [_thread_blocked, id=335072, stack(0x000000002eb00000,0x000000002ec00000)]
  0x000000001e82d800 JavaThread "SharedPool-Worker-31" daemon [_thread_blocked, id=335068, stack(0x000000002ea00000,0x000000002eb00000)]
  0x000000001e82f800 JavaThread "SharedPool-Worker-30" daemon [_thread_blocked, id=335064, stack(0x000000002e900000,0x000000002ea00000)]
  0x000000001e825800 JavaThread "SharedPool-Worker-29" daemon [_thread_blocked, id=335060, stack(0x000000002e800000,0x000000002e900000)]
  0x000000001b511000 JavaThread "SharedPool-Worker-28" daemon [_thread_blocked, id=335056, stack(0x000000002e700000,0x000000002e800000)]
  0x000000001b510800 JavaThread "SharedPool-Worker-23" daemon [_thread_blocked, id=335052, stack(0x000000002e600000,0x000000002e700000)]
  0x000000001b50d800 JavaThread "pool-2-thread-1" [_thread_blocked, id=328048, stack(0x000000002e500000,0x000000002e600000)]
  0x000000001b50c800 JavaThread "nioEventLoopGroup-2-8" [_thread_in_native, id=324984, stack(0x000000002e400000,0x000000002e500000)]
  0x000000001b50a800 JavaThread "NanoTimeToCurrentTimeMillis updater" daemon [_thread_blocked, id=329448, stack(0x000000002e300000,0x000000002e400000)]
  0x000000001b512000 JavaThread "MessagingService-Incoming-/127.0.0.1" [_thread_in_native, id=332228, stack(0x000000002e200000,0x000000002e300000)]
  0x000000001b63c000 JavaThread "MessagingService-Outgoing-/127.0.0.1" daemon [_thread_blocked, id=332976, stack(0x000000002e000000,0x000000002e100000)]
  0x000000001b63a800 JavaThread "MessagingService-Outgoing-/127.0.0.1" daemon [_thread_blocked, id=334760, stack(0x000000002df00000,0x000000002e000000)]
  0x000000001b639000 JavaThread "MessagingService-Outgoing-/127.0.0.1" daemon [_thread_blocked, id=333900, stack(0x000000002de00000,0x000000002df00000)]
  0x000000001b638800 JavaThread "nioEventLoopGroup-2-7" [_thread_in_native, id=332260, stack(0x000000002dd00000,0x000000002de00000)]
  0x000000001b63b800 JavaThread "nioEventLoopGroup-2-6" [_thread_in_native, id=328604, stack(0x000000002dc00000,0x000000002dd00000)]
  0x000000001b63a000 JavaThread "nioEventLoopGroup-2-5" [_thread_in_native, id=319832, stack(0x000000002caf0000,0x000000002cbf0000)]
  0x000000001b637800 JavaThread "SharedPool-Worker-21" daemon [_thread_blocked, id=328408, stack(0x000000002c9f0000,0x000000002caf0000)]
  0x000000001b637000 JavaThread "SharedPool-Worker-22" daemon [_thread_blocked, id=329876, stack(0x000000002c8f0000,0x000000002c9f0000)]
  0x000000001b62f800 JavaThread "SharedPool-Worker-20" daemon [_thread_blocked, id=333884, stack(0x000000002c7f0000,0x000000002c8f0000)]
  0x000000001b632800 JavaThread "SharedPool-Worker-19" daemon [_thread_blocked, id=325076, stack(0x000000002c6f0000,0x000000002c7f0000)]
  0x000000001b631800 JavaThread "SharedPool-Worker-18" daemon [_thread_blocked, id=332024, stack(0x000000002c5f0000,0x000000002c6f0000)]
  0x000000001b636000 JavaThread "SharedPool-Worker-17" daemon [_thread_blocked, id=334092, stack(0x000000002c4f0000,0x000000002c5f0000)]
  0x000000001b635800 JavaThread "SharedPool-Worker-16" daemon [_thread_blocked, id=330204, stack(0x000000002c3f0000,0x000000002c4f0000)]
  0x000000001b62e800 JavaThread "SharedPool-Worker-15" daemon [_thread_blocked, id=334244, stack(0x000000002c2f0000,0x000000002c3f0000)]
  0x000000001b634800 JavaThread "SharedPool-Worker-14" daemon [_thread_blocked, id=324568, stack(0x000000002c1f0000,0x000000002c2f0000)]
  0x000000001b62d000 JavaThread "SharedPool-Worker-13" daemon [_thread_blocked, id=334344, stack(0x000000002c0f0000,0x000000002c1f0000)]
  0x000000001b633000 JavaThread "SharedPool-Worker-12" daemon [_thread_blocked, id=328716, stack(0x000000002bff0000,0x000000002c0f0000)]
  0x000000001b631000 JavaThread "SharedPool-Worker-11" daemon [_thread_blocked, id=326412, stack(0x000000002bef0000,0x000000002bff0000)]
  0x000000001b62e000 JavaThread "SharedPool-Worker-10" daemon [_thread_blocked, id=332824, stack(0x000000002bdf0000,0x000000002bef0000)]
  0x000000001b630000 JavaThread "SharedPool-Worker-9" daemon [_thread_blocked, id=327692, stack(0x000000002bcf0000,0x000000002bdf0000)]
  0x000000001b634000 JavaThread "SharedPool-Worker-8" daemon [_thread_blocked, id=331112, stack(0x000000002bbf0000,0x000000002bcf0000)]
  0x0000000018bbb800 JavaThread "SharedPool-Worker-7" daemon [_thread_blocked, id=332948, stack(0x000000002baf0000,0x000000002bbf0000)]
  0x000000001e82c000 JavaThread "SharedPool-Worker-6" daemon [_thread_blocked, id=333072, stack(0x000000002b9f0000,0x000000002baf0000)]
  0x000000001e823800 JavaThread "SharedPool-Worker-5" daemon [_thread_blocked, id=333880, stack(0x000000002b8f0000,0x000000002b9f0000)]
  0x000000001e82a800 JavaThread "threadDeathWatcher-3-1" daemon [_thread_blocked, id=333656, stack(0x00000000287c0000,0x00000000288c0000)]
  0x000000001b514000 JavaThread "SharedPool-Worker-4" daemon [_thread_blocked, id=324772, stack(0x00000000286c0000,0x00000000287c0000)]
  0x000000001b518000 JavaThread "SharedPool-Worker-3" daemon [_thread_blocked, id=330756, stack(0x00000000285c0000,0x00000000286c0000)]
  0x000000001b512800 JavaThread "SharedPool-Worker-2" daemon [_thread_blocked, id=324060, stack(0x00000000284c0000,0x00000000285c0000)]
  0x000000001b515000 JavaThread "nioEventLoopGroup-2-4" [_thread_in_native, id=333400, stack(0x00000000283c0000,0x00000000284c0000)]
  0x000000001b517000 JavaThread "nioEventLoopGroup-2-3" [_thread_in_native, id=334144, stack(0x00000000282c0000,0x00000000283c0000)]
  0x000000001b513800 JavaThread "nioEventLoopGroup-2-2" [_thread_in_native, id=331064, stack(0x00000000281c0000,0x00000000282c0000)]
  0x000000001b519800 JavaThread "SharedPool-Worker-1" daemon [_thread_blocked, id=334588, stack(0x00000000280c0000,0x00000000281c0000)]
  0x000000001b516800 JavaThread "HintsWriteExecutor:1" daemon [_thread_blocked, id=326776, stack(0x0000000025eb0000,0x0000000025fb0000)]
  0x000000001b518800 JavaThread "DestroyJavaVM" [_thread_blocked, id=324308, stack(0x0000000003260000,0x0000000003360000)]
  0x000000001b515800 JavaThread "nioEventLoopGroup-2-1" [_thread_in_native, id=324040, stack(0x0000000025db0000,0x0000000025eb0000)]
  0x000000001b50b000 JavaThread "PendingRangeCalculator:1" daemon [_thread_blocked, id=334788, stack(0x0000000025950000,0x0000000025a50000)]
  0x000000001b50f800 JavaThread "MiscStage:1" daemon [_thread_blocked, id=296568, stack(0x00000000253e0000,0x00000000254e0000)]
  0x000000001b50f000 JavaThread "MigrationStage:1" daemon [_thread_blocked, id=329512, stack(0x00000000252e0000,0x00000000253e0000)]
  0x000000001b50c000 JavaThread "AntiEntropyStage:1" daemon [_thread_blocked, id=332724, stack(0x00000000251e0000,0x00000000252e0000)]
  0x000000001b50e000 JavaThread "GossipStage:1" daemon [_thread_blocked, id=331816, stack(0x00000000250e0000,0x00000000251e0000)]
  0x000000001e82f000 JavaThread "BatchlogTasks:1" daemon [_thread_blocked, id=329200, stack(0x0000000024ae0000,0x0000000024be0000)]
  0x000000001e82c800 JavaThread "ACCEPT-/127.0.0.1" [_thread_in_native, id=331296, stack(0x00000000248e0000,0x00000000249e0000)]
  0x000000001e831000 JavaThread "GossipTasks:1" daemon [_thread_blocked, id=330792, stack(0x00000000247e0000,0x00000000248e0000)]
  0x000000001e830800 JavaThread "IndexSummaryManager:1" daemon [_thread_blocked, id=324028, stack(0x00000000246e0000,0x00000000247e0000)]
  0x000000001e82b000 JavaThread "LocalPool-Cleaner:1" daemon [_thread_blocked, id=334468, stack(0x00000000220c0000,0x00000000221c0000)]
  0x000000001e82e000 JavaThread "NonPeriodicTasks:1" daemon [_thread_blocked, id=334120, stack(0x0000000021fc0000,0x00000000220c0000)]
  0x000000001e822800 JavaThread "CompactionExecutor:2" daemon [_thread_in_native, id=334728, stack(0x0000000020ce0000,0x0000000020de0000)]
  0x000000001e828000 JavaThread "CompactionExecutor:1" daemon [_thread_in_native, id=334488, stack(0x0000000020be0000,0x0000000020ce0000)]
  0x000000001e824000 JavaThread "Reference-Reaper:1" daemon [_thread_blocked, id=334484, stack(0x00000000208e0000,0x00000000209e0000)]
  0x000000001e826800 JavaThread "RMI RenewClean-[127.0.0.1:3017]" daemon [_thread_blocked, id=327756, stack(0x00000000206e0000,0x00000000207e0000)]
  0x000000001e829000 JavaThread "RMI Scheduler(0)" daemon [_thread_blocked, id=334476, stack(0x00000000205e0000,0x00000000206e0000)]
  0x000000001e827800 JavaThread "GC Daemon" daemon [_thread_blocked, id=332008, stack(0x000000001f410000,0x000000001f510000)]
  0x000000001e825000 JavaThread "RMI Reaper" [_thread_blocked, id=324068, stack(0x000000001f310000,0x000000001f410000)]
  0x000000001e822000 JavaThread "RMI TCP Accept-0" daemon [_thread_in_native, id=332092, stack(0x000000001f210000,0x000000001f310000)]
  0x0000000018bb7800 JavaThread "RMI TCP Accept-4099" daemon [_thread_in_native, id=312540, stack(0x000000001f110000,0x000000001f210000)]
  0x0000000018bba000 JavaThread "OptionalTasks:1" daemon [_thread_blocked, id=323724, stack(0x000000001de40000,0x000000001df40000)]
  0x0000000018bbb000 JavaThread "COMMIT-LOG-ALLOCATOR" [_thread_blocked, id=331560, stack(0x000000001bd40000,0x000000001be40000)]
  0x0000000018bb8800 JavaThread "PERIODIC-COMMIT-LOG-SYNCER" [_thread_blocked, id=333136, stack(0x000000001aa00000,0x000000001ab00000)]
  0x0000000018bb7000 JavaThread "SlabPoolCleaner" daemon [_thread_blocked, id=327056, stack(0x000000001a900000,0x000000001aa00000)]
  0x0000000018bb9000 JavaThread "MemtableReclaimMemory:1" daemon [_thread_blocked, id=328032, stack(0x000000001a600000,0x000000001a700000)]
  0x0000000018bbe000 JavaThread "MemtablePostFlush:1" daemon [_thread_blocked, id=334240, stack(0x000000001a500000,0x000000001a600000)]
  0x0000000018bbd000 JavaThread "MemtableFlushWriter:2" daemon [_thread_blocked, id=333240, stack(0x000000001a400000,0x000000001a500000)]
  0x0000000018bbc800 JavaThread "MemtableFlushWriter:1" daemon [_thread_blocked, id=334536, stack(0x000000001a300000,0x000000001a400000)]
  0x0000000018c3f800 JavaThread "Background_Reporter:1" daemon [_thread_blocked, id=312232, stack(0x0000000019d00000,0x0000000019e00000)]
  0x0000000018d0f000 JavaThread "EXPIRING-MAP-REAPER:1" daemon [_thread_blocked, id=323864, stack(0x0000000019c00000,0x0000000019d00000)]
  0x0000000017233000 JavaThread "ScheduledTasks:1" daemon [_thread_blocked, id=302804, stack(0x0000000018930000,0x0000000018a30000)]
  0x0000000016ef6800 JavaThread "Service Thread" daemon [_thread_blocked, id=334192, stack(0x0000000017780000,0x0000000017880000)]
  0x0000000016ee3000 JavaThread "C1 CompilerThread2" daemon [_thread_blocked, id=332880, stack(0x0000000017680000,0x0000000017780000)]
  0x0000000016ed5000 JavaThread "C2 CompilerThread1" daemon [_thread_blocked, id=325432, stack(0x0000000017580000,0x0000000017680000)]
=>0x0000000016e8a800 JavaThread "C2 CompilerThread0" daemon [_thread_in_native, id=332136, stack(0x0000000017480000,0x0000000017580000)]
  0x0000000016e89800 JavaThread "Attach Listener" daemon [_thread_blocked, id=327836, stack(0x0000000017380000,0x0000000017480000)]
  0x0000000015b40800 JavaThread "Signal Dispatcher" daemon [_thread_blocked, id=331932, stack(0x0000000017280000,0x0000000017380000)]
  0x0000000015b1a000 JavaThread "Finalizer" daemon [_thread_blocked, id=332148, stack(0x0000000016d80000,0x0000000016e80000)]
  0x0000000003454000 JavaThread "Reference Handler" daemon [_thread_blocked, id=324140, stack(0x0000000016c80000,0x0000000016d80000)]

Other Threads:
  0x0000000015af8000 VMThread [stack: 0x0000000016b80000,0x0000000016c80000] [id=323868]
  0x0000000016f0d000 WatcherThread [stack: 0x0000000017880000,0x0000000017980000] [id=333672]

VM state:not at safepoint (normal execution)

VM Mutex/Monitor currently owned by a thread: None

Heap:
 PSYoungGen      total 326144K, used 66011K [0x00000000eab00000, 0x0000000100000000, 0x0000000100000000)
  eden space 303104K, 14% used [0x00000000eab00000,0x00000000ed519028,0x00000000fd300000)
  from space 23040K, 99% used [0x00000000fd300000,0x00000000fe95df50,0x00000000fe980000)
  to   space 23040K, 0% used [0x00000000fe980000,0x00000000fe980000,0x0000000100000000)
 ParOldGen       total 175104K, used 29733K [0x00000000c0000000, 0x00000000cab00000, 0x00000000eab00000)
  object space 175104K, 16% used [0x00000000c0000000,0x00000000c1d095c0,0x00000000cab00000)
 Metaspace       used 36945K, capacity 37900K, committed 38016K, reserved 1083392K
  class space    used 4456K, capacity 4660K, committed 4736K, reserved 1048576K

Card table byte_map: [0x0000000012820000,0x0000000012a30000] byte_map_base: 0x0000000012220000

Marking Bits: (ParMarkBitMap*) 0x0000000051f6d850
 Begin Bits: [0x0000000012f90000, 0x0000000013f90000)
 End Bits:   [0x0000000013f90000, 0x0000000014f90000)

Polling page: 0x0000000000df0000

CodeCache: size=245760Kb used=19108Kb max_used=19742Kb free=226651Kb
 bounds [0x0000000003460000, 0x00000000047d0000, 0x0000000012460000]
 total_blobs=6791 nmethods=6259 adapters=442
 compilation: enabled

Compilation events (10 events):
Event: 152.725 Thread 0x0000000016ee3000 nmethod 7527 0x0000000003d88350 code [0x0000000003d88500, 0x0000000003d888b8]
Event: 152.726 Thread 0x0000000016ee3000 7528   !   3       sun.nio.ch.SelectorImpl::processDeregisterQueue (101 bytes)
Event: 152.726 Thread 0x0000000016ee3000 nmethod 7528 0x00000000040ca650 code [0x00000000040ca860, 0x00000000040cb3f8]
Event: 152.730 Thread 0x0000000016e8a800 nmethod 7529 0x00000000042a0310 code [0x00000000042a04a0, 0x00000000042a0890]
Event: 152.730 Thread 0x0000000016e8a800 7530       4       org.apache.cassandra.db.rows.Row$Merger::merge (361 bytes)
Event: 152.733 Thread 0x0000000016ed5000 nmethod 7525% 0x0000000003eac450 code [0x0000000003eac5a0, 0x0000000003eac878]
Event: 152.734 Thread 0x0000000016ed5000 7531       4       org.apache.cassandra.io.util.MmappedRegions$State::floor (162 bytes)
Event: 152.739 Thread 0x0000000016ed5000 nmethod 7531 0x0000000004132750 code [0x00000000041328a0, 0x0000000004132b38]
Event: 152.745 Thread 0x0000000016ed5000 7532       4       io.netty.buffer.PoolChunk::runLength (13 bytes)
Event: 152.746 Thread 0x0000000016ed5000 nmethod 7532 0x0000000003d0f590 code [0x0000000003d0f6c0, 0x0000000003d0f778]

GC Heap History (10 events):
Event: 10.877 GC heap before
{Heap before GC invocations=7 (full 1):
 PSYoungGen      total 116736K, used 116704K [0x00000000eab00000, 0x00000000f8d00000, 0x0000000100000000)
  eden space 105984K, 100% used [0x00000000eab00000,0x00000000f1280000,0x00000000f1280000)
  from space 10752K, 99% used [0x00000000f1280000,0x00000000f1cf8010,0x00000000f1d00000)
  to   space 14336K, 0% used [0x00000000f7f00000,0x00000000f7f00000,0x00000000f8d00000)
 ParOldGen       total 175104K, used 9528K [0x00000000c0000000, 0x00000000cab00000, 0x00000000eab00000)
  object space 175104K, 5% used [0x00000000c0000000,0x00000000c094e200,0x00000000cab00000)
 Metaspace       used 22861K, capacity 23212K, committed 23296K, reserved 1069056K
  class space    used 2927K, capacity 3032K, committed 3072K, reserved 1048576K
Event: 10.905 GC heap after
Heap after GC invocations=7 (full 1):
 PSYoungGen      total 217600K, used 10752K [0x00000000eab00000, 0x00000000f8d00000, 0x0000000100000000)
  eden space 203264K, 0% used [0x00000000eab00000,0x00000000eab00000,0x00000000f7180000)
  from space 14336K, 75% used [0x00000000f7f00000,0x00000000f8980010,0x00000000f8d00000)
  to   space 13824K, 0% used [0x00000000f7180000,0x00000000f7180000,0x00000000f7f00000)
 ParOldGen       total 175104K, used 9528K [0x00000000c0000000, 0x00000000cab00000, 0x00000000eab00000)
  object space 175104K, 5% used [0x00000000c0000000,0x00000000c094e200,0x00000000cab00000)
 Metaspace       used 22861K, capacity 23212K, committed 23296K, reserved 1069056K
  class space    used 2927K, capacity 3032K, committed 3072K, reserved 1048576K
}
Event: 17.270 GC heap before
{Heap before GC invocations=8 (full 1):
 PSYoungGen      total 217600K, used 214016K [0x00000000eab00000, 0x00000000f8d00000, 0x0000000100000000)
  eden space 203264K, 100% used [0x00000000eab00000,0x00000000f7180000,0x00000000f7180000)
  from space 14336K, 75% used [0x00000000f7f00000,0x00000000f8980010,0x00000000f8d00000)
  to   space 13824K, 0% used [0x00000000f7180000,0x00000000f7180000,0x00000000f7f00000)
 ParOldGen       total 175104K, used 9528K [0x00000000c0000000, 0x00000000cab00000, 0x00000000eab00000)
  object space 175104K, 5% used [0x00000000c0000000,0x00000000c094e200,0x00000000cab00000)
 Metaspace       used 30891K, capacity 31588K, committed 31872K, reserved 1077248K
  class space    used 3925K, capacity 4100K, committed 4224K, reserved 1048576K
Event: 17.300 GC heap after
Heap after GC invocations=8 (full 1):
 PSYoungGen      total 217088K, used 13812K [0x00000000eab00000, 0x0000000100000000, 0x0000000100000000)
  eden space 203264K, 0% used [0x00000000eab00000,0x00000000eab00000,0x00000000f7180000)
  from space 13824K, 99% used [0x00000000f7180000,0x00000000f7efd0f0,0x00000000f7f00000)
  to   space 20992K, 0% used [0x00000000feb80000,0x00000000feb80000,0x0000000100000000)
 ParOldGen       total 175104K, used 21254K [0x00000000c0000000, 0x00000000cab00000, 0x00000000eab00000)
  object space 175104K, 12% used [0x00000000c0000000,0x00000000c14c1a38,0x00000000cab00000)
 Metaspace       used 30891K, capacity 31588K, committed 31872K, reserved 1077248K
  class space    used 3925K, capacity 4100K, committed 4224K, reserved 1048576K
}
Event: 77.876 GC heap before
{Heap before GC invocations=9 (full 1):
 PSYoungGen      total 217088K, used 118383K [0x00000000eab00000, 0x0000000100000000, 0x0000000100000000)
  eden space 203264K, 51% used [0x00000000eab00000,0x00000000f111eda0,0x00000000f7180000)
  from space 13824K, 99% used [0x00000000f7180000,0x00000000f7efd0f0,0x00000000f7f00000)
  to   space 20992K, 0% used [0x00000000feb80000,0x00000000feb80000,0x0000000100000000)
 ParOldGen       total 175104K, used 21254K [0x00000000c0000000, 0x00000000cab00000, 0x00000000eab00000)
  object space 175104K, 12% used [0x00000000c0000000,0x00000000c14c1a38,0x00000000cab00000)
 Metaspace       used 34425K, capacity 35252K, committed 35416K, reserved 1081344K
  class space    used 4342K, capacity 4524K, committed 4608K, reserved 1048576K
Event: 78.150 GC heap after
Heap after GC invocations=9 (full 1):
 PSYoungGen      total 324096K, used 18900K [0x00000000eab00000, 0x0000000100000000, 0x0000000100000000)
  eden space 303104K, 0% used [0x00000000eab00000,0x00000000eab00000,0x00000000fd300000)
  from space 20992K, 90% used [0x00000000feb80000,0x00000000ffdf5200,0x0000000100000000)
  to   space 23040K, 0% used [0x00000000fd300000,0x00000000fd300000,0x00000000fe980000)
 ParOldGen       total 175104K, used 23846K [0x00000000c0000000, 0x00000000cab00000, 0x00000000eab00000)
  object space 175104K, 13% used [0x00000000c0000000,0x00000000c1749a38,0x00000000cab00000)
 Metaspace       used 34425K, capacity 35252K, committed 35416K, reserved 1081344K
  class space    used 4342K, capacity 4524K, committed 4608K, reserved 1048576K
}
Event: 78.150 GC heap before
{Heap before GC invocations=10 (full 2):
 PSYoungGen      total 324096K, used 18900K [0x00000000eab00000, 0x0000000100000000, 0x0000000100000000)
  eden space 303104K, 0% used [0x00000000eab00000,0x00000000eab00000,0x00000000fd300000)
  from space 20992K, 90% used [0x00000000feb80000,0x00000000ffdf5200,0x0000000100000000)
  to   space 23040K, 0% used [0x00000000fd300000,0x00000000fd300000,0x00000000fe980000)
 ParOldGen       total 175104K, used 23846K [0x00000000c0000000, 0x00000000cab00000, 0x00000000eab00000)
  object space 175104K, 13% used [0x00000000c0000000,0x00000000c1749a38,0x00000000cab00000)
 Metaspace       used 34425K, capacity 35252K, committed 35416K, reserved 1081344K
  class space    used 4342K, capacity 4524K, committed 4608K, reserved 1048576K
Event: 78.638 GC heap after
Heap after GC invocations=10 (full 2):
 PSYoungGen      total 324096K, used 0K [0x00000000eab00000, 0x0000000100000000, 0x0000000100000000)
  eden space 303104K, 0% used [0x00000000eab00000,0x00000000eab00000,0x00000000fd300000)
  from space 20992K, 0% used [0x00000000feb80000,0x00000000feb80000,0x0000000100000000)
  to   space 23040K, 0% used [0x00000000fd300000,0x00000000fd300000,0x00000000fe980000)
 ParOldGen       total 175104K, used 29725K [0x00000000c0000000, 0x00000000cab00000, 0x00000000eab00000)
  object space 175104K, 16% used [0x00000000c0000000,0x00000000c1d075c0,0x00000000cab00000)
 Metaspace       used 34425K, capacity 35252K, committed 35416K, reserved 1081344K
  class space    used 4342K, capacity 4524K, committed 4608K, reserved 1048576K
}
Event: 145.514 GC heap before
{Heap before GC invocations=11 (full 2):
 PSYoungGen      total 324096K, used 303104K [0x00000000eab00000, 0x0000000100000000, 0x0000000100000000)
  eden space 303104K, 100% used [0x00000000eab00000,0x00000000fd300000,0x00000000fd300000)
  from space 20992K, 0% used [0x00000000feb80000,0x00000000feb80000,0x0000000100000000)
  to   space 23040K, 0% used [0x00000000fd300000,0x00000000fd300000,0x00000000fe980000)
 ParOldGen       total 175104K, used 29725K [0x00000000c0000000, 0x00000000cab00000, 0x00000000eab00000)
  object space 175104K, 16% used [0x00000000c0000000,0x00000000c1d075c0,0x00000000cab00000)
 Metaspace       used 36901K, capacity 37900K, committed 38016K, reserved 1083392K
  class space    used 4452K, capacity 4660K, committed 4736K, reserved 1048576K
Event: 145.573 GC heap after
Heap after GC invocations=11 (full 2):
 PSYoungGen      total 326144K, used 22903K [0x00000000eab00000, 0x0000000100000000, 0x0000000100000000)
  eden space 303104K, 0% used [0x00000000eab00000,0x00000000eab00000,0x00000000fd300000)
  from space 23040K, 99% used [0x00000000fd300000,0x00000000fe95df50,0x00000000fe980000)
  to   space 23040K, 0% used [0x00000000fe980000,0x00000000fe980000,0x0000000100000000)
 ParOldGen       total 175104K, used 29733K [0x00000000c0000000, 0x00000000cab00000, 0x00000000eab00000)
  object space 175104K, 16% used [0x00000000c0000000,0x00000000c1d095c0,0x00000000cab00000)
 Metaspace       used 36901K, capacity 37900K, committed 38016K, reserved 1083392K
  class space    used 4452K, capacity 4660K, committed 4736K, reserved 1048576K
}

Deoptimization events (10 events):
Event: 136.450 Thread 0x0000000017233000 Uncommon trap: reason=array_check action=maybe_recompile pc=0x0000000003f26a4c method=java.util.TimSort.mergeLo(IIII)V @ 133
Event: 137.340 Thread 0x000000001b634000 Uncommon trap: reason=unstable_if action=reinterpret pc=0x0000000003ea5024 method=java.util.concurrent.ConcurrentSkipListMap.doRemove(Ljava/lang/Object;Ljava/lang/Object;)Ljava/lang/Object; @ 160
Event: 146.556 Thread 0x000000001b517000 Uncommon trap: reason=unstable_if action=reinterpret pc=0x000000000445f8f4 method=io.netty.util.internal.MpscLinkedQueue.peekNode()Lio/netty/util/internal/MpscLinkedQueueNode; @ 21
Event: 147.219 Thread 0x000000001b512000 Uncommon trap: reason=bimorphic action=maybe_recompile pc=0x0000000003ebfa1c method=org.apache.cassandra.db.rows.BufferCell$Serializer.deserialize(Lorg/apache/cassandra/io/util/DataInputPlus;Lorg/apache/cassandra/db/LivenessInfo;Lorg/apache/cassandra/conf
Event: 147.219 Thread 0x000000001b512000 Uncommon trap: reason=bimorphic action=maybe_recompile pc=0x0000000003e946e8 method=org.apache.cassandra.db.marshal.AbstractType.readValue(Lorg/apache/cassandra/io/util/DataInputPlus;I)Ljava/nio/ByteBuffer; @ 16
Event: 148.251 Thread 0x000000001e828000 Uncommon trap: reason=class_check action=maybe_recompile pc=0x00000000046924c0 method=com.google.common.collect.AbstractMapBasedMultimap.put(Ljava/lang/Object;Ljava/lang/Object;)Z @ 5
Event: 148.298 Thread 0x0000000018bbc800 Uncommon trap: reason=class_check action=maybe_recompile pc=0x0000000003fee5d8 method=org.apache.cassandra.io.util.BufferedDataOutputStreamPlus.write([BII)V @ 112
Event: 152.639 Thread 0x000000001b515000 Uncommon trap: reason=unstable_if action=reinterpret pc=0x0000000004370e14 method=sun.nio.ch.SelectorImpl.processDeregisterQueue()V @ 15
Event: 152.639 Thread 0x000000001b515000 Uncommon trap: reason=class_check action=maybe_recompile pc=0x000000000471c158 method=java.util.HashMap.removeNode(ILjava/lang/Object;Ljava/lang/Object;ZZ)Ljava/util/HashMap$Node; @ 143
Event: 152.643 Thread 0x000000001b519800 Uncommon trap: reason=unstable_if action=reinterpret pc=0x000000000450c370 method=com.codahale.metrics.LongAdder.sumThenReset()J @ 16

Internal exceptions (10 events):
Event: 148.355 Thread 0x0000000018bbc800 Exception <a 'java/lang/UnsatisfiedLinkError': org.apache.cassandra.utils.CLibrary.open(Ljava/lang/String;I)I> (0x00000000eca08f78) thrown at [C:\re\workspace\8-2-build-windows-amd64-cygwin\jdk8u144\9417\hotspot\src\share\vm\prims\nativeLookup.cpp, line 3
Event: 148.595 Thread 0x0000000018bbd000 Exception <a 'java/lang/UnsatisfiedLinkError': org.apache.cassandra.utils.CLibrary.open(Ljava/lang/String;I)I> (0x00000000ec073be8) thrown at [C:\re\workspace\8-2-build-windows-amd64-cygwin\jdk8u144\9417\hotspot\src\share\vm\prims\nativeLookup.cpp, line 3
Event: 148.616 Thread 0x0000000018bbd000 Exception <a 'java/lang/UnsatisfiedLinkError': org.apache.cassandra.utils.CLibrary.open(Ljava/lang/String;I)I> (0x00000000ec085150) thrown at [C:\re\workspace\8-2-build-windows-amd64-cygwin\jdk8u144\9417\hotspot\src\share\vm\prims\nativeLookup.cpp, line 3
Event: 148.623 Thread 0x0000000018bbd000 Exception <a 'java/lang/UnsatisfiedLinkError': org.apache.cassandra.utils.CLibrary.open(Ljava/lang/String;I)I> (0x00000000ec0871f0) thrown at [C:\re\workspace\8-2-build-windows-amd64-cygwin\jdk8u144\9417\hotspot\src\share\vm\prims\nativeLookup.cpp, line 3
Event: 148.676 Thread 0x0000000018bbd000 Exception <a 'java/lang/UnsatisfiedLinkError': org.apache.cassandra.utils.CLibrary.open(Ljava/lang/String;I)I> (0x00000000ec0a9eb8) thrown at [C:\re\workspace\8-2-build-windows-amd64-cygwin\jdk8u144\9417\hotspot\src\share\vm\prims\nativeLookup.cpp, line 3
Event: 148.731 Thread 0x0000000018bbc800 Exception <a 'java/lang/UnsatisfiedLinkError': org.apache.cassandra.utils.CLibrary.open(Ljava/lang/String;I)I> (0x00000000eca44728) thrown at [C:\re\workspace\8-2-build-windows-amd64-cygwin\jdk8u144\9417\hotspot\src\share\vm\prims\nativeLookup.cpp, line 3
Event: 148.751 Thread 0x0000000018bbc800 Exception <a 'java/lang/UnsatisfiedLinkError': org.apache.cassandra.utils.CLibrary.open(Ljava/lang/String;I)I> (0x00000000eca56910) thrown at [C:\re\workspace\8-2-build-windows-amd64-cygwin\jdk8u144\9417\hotspot\src\share\vm\prims\nativeLookup.cpp, line 3
Event: 148.759 Thread 0x0000000018bbc800 Exception <a 'java/lang/UnsatisfiedLinkError': org.apache.cassandra.utils.CLibrary.open(Ljava/lang/String;I)I> (0x00000000eca58b20) thrown at [C:\re\workspace\8-2-build-windows-amd64-cygwin\jdk8u144\9417\hotspot\src\share\vm\prims\nativeLookup.cpp, line 3
Event: 148.812 Thread 0x0000000018bbc800 Exception <a 'java/lang/UnsatisfiedLinkError': org.apache.cassandra.utils.CLibrary.open(Ljava/lang/String;I)I> (0x00000000ecdc41a8) thrown at [C:\re\workspace\8-2-build-windows-amd64-cygwin\jdk8u144\9417\hotspot\src\share\vm\prims\nativeLookup.cpp, line 3
Event: 150.360 Thread 0x000000001e828000 Exception <a 'java/lang/UnsatisfiedLinkError': org.apache.cassandra.utils.CLibrary.open(Ljava/lang/String;I)I> (0x00000000ecebcd30) thrown at [C:\re\workspace\8-2-build-windows-amd64-cygwin\jdk8u144\9417\hotspot\src\share\vm\prims\nativeLookup.cpp, line 3

Events (10 events):
Event: 152.730 Thread 0x0000000016e8a800 flushing nmethod 0x0000000003e7b6d0
Event: 152.730 Thread 0x0000000016e8a800 flushing nmethod 0x0000000003ea9a10
Event: 152.730 Thread 0x0000000016e8a800 flushing nmethod 0x0000000003eac450
Event: 152.730 Thread 0x0000000016e8a800 flushing nmethod 0x0000000003eaf750
Event: 152.730 Thread 0x0000000016e8a800 flushing nmethod 0x0000000003eb2e90
Event: 152.730 Thread 0x0000000016e8a800 flushing nmethod 0x0000000003eb4450
Event: 152.733 Thread 0x0000000016ed5000 flushing nmethod 0x0000000003f0a190
Event: 152.739 Thread 0x0000000016ed5000 flushing nmethod 0x00000000040a5b90
Event: 152.747 Thread 0x0000000016ed5000 flushing nmethod 0x00000000041fbe50
Event: 152.747 Thread 0x0000000016ed5000 flushing nmethod 0x000000000426ed90


Dynamic libraries:
0x00007ff73cea0000 - 0x00007ff73ced7000 	C:\Program Files\Java\jdk1.8.0_144\jre\bin\java.exe
0x00007ff942750000 - 0x00007ff942931000 	C:\WINDOWS\SYSTEM32\ntdll.dll
0x00007ff93fd10000 - 0x00007ff93fdc1000 	C:\WINDOWS\System32\KERNEL32.DLL
0x00007ff93f830000 - 0x00007ff93faa3000 	C:\WINDOWS\System32\KERNELBASE.dll
0x00007ff941f30000 - 0x00007ff941fd1000 	C:\WINDOWS\System32\ADVAPI32.dll
0x00007ff93fe90000 - 0x00007ff93ff2e000 	C:\WINDOWS\System32\msvcrt.dll
0x00007ff93ff30000 - 0x00007ff93ff8b000 	C:\WINDOWS\System32\sechost.dll
0x00007ff93fbe0000 - 0x00007ff93fd04000 	C:\WINDOWS\System32\RPCRT4.dll
0x00007ff942010000 - 0x00007ff9421a0000 	C:\WINDOWS\System32\USER32.dll
0x00007ff93edc0000 - 0x00007ff93ede0000 	C:\WINDOWS\System32\win32u.dll
0x00007ff941fe0000 - 0x00007ff942008000 	C:\WINDOWS\System32\GDI32.dll
0x00007ff93eb80000 - 0x00007ff93ed12000 	C:\WINDOWS\System32\gdi32full.dll
0x00007ff93ed20000 - 0x00007ff93edbf000 	C:\WINDOWS\System32\msvcp_win.dll
0x00007ff93efd0000 - 0x00007ff93f0c8000 	C:\WINDOWS\System32\ucrtbase.dll
0x00007ff92c9d0000 - 0x00007ff92cc39000 	C:\WINDOWS\WinSxS\amd64_microsoft.windows.common-controls_6595b64144ccf1df_6.0.17134.765_none_fb42a1a930655896\COMCTL32.dll
0x00007ff940130000 - 0x00007ff940452000 	C:\WINDOWS\System32\combase.dll
0x00007ff93fb60000 - 0x00007ff93fbda000 	C:\WINDOWS\System32\bcryptPrimitives.dll
0x00007ff940ab0000 - 0x00007ff940add000 	C:\WINDOWS\System32\IMM32.DLL
0x0000000051ff0000 - 0x00000000520c2000 	C:\Program Files\Java\jdk1.8.0_144\jre\bin\msvcr100.dll
0x0000000051750000 - 0x0000000051fed000 	C:\Program Files\Java\jdk1.8.0_144\jre\bin\server\jvm.dll
0x00007ff941f20000 - 0x00007ff941f28000 	C:\WINDOWS\System32\PSAPI.DLL
0x00007ff92d410000 - 0x00007ff92d419000 	C:\WINDOWS\SYSTEM32\WSOCK32.dll
0x00007ff9409a0000 - 0x00007ff940a0c000 	C:\WINDOWS\System32\WS2_32.dll
0x00007ff933660000 - 0x00007ff933683000 	C:\WINDOWS\SYSTEM32\WINMM.dll
0x00007ff937b00000 - 0x00007ff937b0a000 	C:\WINDOWS\SYSTEM32\VERSION.dll
0x00007ff933630000 - 0x00007ff93365a000 	C:\WINDOWS\SYSTEM32\WINMMBASE.dll
0x00007ff93f7e0000 - 0x00007ff93f829000 	C:\WINDOWS\System32\cfgmgr32.dll
0x0000000051740000 - 0x000000005174f000 	C:\Program Files\Java\jdk1.8.0_144\jre\bin\verify.dll
0x0000000051710000 - 0x0000000051739000 	C:\Program Files\Java\jdk1.8.0_144\jre\bin\java.dll
0x00000000516f0000 - 0x0000000051706000 	C:\Program Files\Java\jdk1.8.0_144\jre\bin\zip.dll
0x00007ff940ae0000 - 0x00007ff941f20000 	C:\WINDOWS\System32\SHELL32.dll
0x00007ff93fde0000 - 0x00007ff93fe89000 	C:\WINDOWS\System32\shcore.dll
0x00007ff93f0d0000 - 0x00007ff93f7dd000 	C:\WINDOWS\System32\windows.storage.dll
0x00007ff940940000 - 0x00007ff940991000 	C:\WINDOWS\System32\shlwapi.dll
0x00007ff93eb00000 - 0x00007ff93eb11000 	C:\WINDOWS\System32\kernel.appcore.dll
0x00007ff93ea90000 - 0x00007ff93eaaf000 	C:\WINDOWS\System32\profapi.dll
0x00007ff93eab0000 - 0x00007ff93eafc000 	C:\WINDOWS\System32\powrprof.dll
0x00007ff93ea60000 - 0x00007ff93ea6a000 	C:\WINDOWS\System32\FLTLIB.DLL
0x00000000516d0000 - 0x00000000516ea000 	C:\Program Files\Java\jdk1.8.0_144\jre\bin\net.dll
0x00007ff93e270000 - 0x00007ff93e2d6000 	C:\WINDOWS\system32\mswsock.dll
0x00007ff939150000 - 0x00007ff939166000 	C:\WINDOWS\system32\napinsp.dll
0x00007ff93a180000 - 0x00007ff93a19a000 	C:\WINDOWS\system32\pnrpnsp.dll
0x00007ff938810000 - 0x00007ff938829000 	C:\WINDOWS\system32\NLAapi.dll
0x00007ff93e030000 - 0x00007ff93e0ee000 	C:\WINDOWS\SYSTEM32\DNSAPI.dll
0x00007ff93fdd0000 - 0x00007ff93fdd8000 	C:\WINDOWS\System32\NSI.dll
0x00007ff93dff0000 - 0x00007ff93e028000 	C:\WINDOWS\SYSTEM32\IPHLPAPI.DLL
0x00007ff93a1a0000 - 0x00007ff93a1ae000 	C:\WINDOWS\System32\winrnr.dll
0x00007ff939440000 - 0x00007ff939455000 	C:\WINDOWS\System32\wshbth.dll
0x00000000540b0000 - 0x00000000540d6000 	C:\Program Files\Bonjour\mdnsNSP.dll
0x00007ff935790000 - 0x00007ff93579a000 	C:\Windows\System32\rasadhlp.dll
0x00007ff936520000 - 0x00007ff936592000 	C:\WINDOWS\System32\fwpuclnt.dll
0x00007ff93e550000 - 0x00007ff93e575000 	C:\WINDOWS\SYSTEM32\bcrypt.dll
0x00000000516b0000 - 0x00000000516c1000 	C:\Program Files\Java\jdk1.8.0_144\jre\bin\nio.dll
0x00000000515c0000 - 0x00000000515cd000 	C:\Program Files\Java\jdk1.8.0_144\jre\bin\management.dll
0x00007ff93e420000 - 0x00007ff93e437000 	C:\WINDOWS\SYSTEM32\CRYPTSP.dll
0x00007ff93de50000 - 0x00007ff93de83000 	C:\WINDOWS\system32\rsaenh.dll
0x00007ff93e8f0000 - 0x00007ff93e918000 	C:\WINDOWS\SYSTEM32\USERENV.dll
0x00007ff93e440000 - 0x00007ff93e44b000 	C:\WINDOWS\SYSTEM32\CRYPTBASE.dll
0x00007ff938550000 - 0x00007ff938566000 	C:\WINDOWS\SYSTEM32\dhcpcsvc6.DLL
0x00007ff9382d0000 - 0x00007ff9382ea000 	C:\WINDOWS\SYSTEM32\dhcpcsvc.DLL
0x0000000180000000 - 0x0000000180038000 	C:\Users\15256\AppData\Local\Temp\jna-46881199\jna4804857225737092496.dll
0x0000000066f40000 - 0x0000000066f6d000 	C:\Users\15256\AppData\Local\Temp\liblz4-java2278615248401079353.so
0x0000000070280000 - 0x00000000702a9000 	C:\Users\15256\AppData\Local\Temp\snappy-unknown-b95883c7-5422-42b6-9b1f-369356b926e5-snappyjava.dll

VM Arguments:
jvm_args: -Xms256m -Xmx1024m -Dcassandra.jmx.local.port=4099 -DCassandraLauncher.configResource=dev-embedded-cassandra.yaml 
java_command: com.lightbend.lagom.internal.cassandra.CassandraLauncher 4000 true
java_class_path (initial): D:\maven-repository\com\lightbend\lagom\lagom-cassandra-server_2.11\1.3.0\lagom-cassandra-server_2.11-1.3.0.jar;D:\maven-repository\org\scala-lang\scala-library\2.11.8\scala-library-2.11.8.jar;D:\maven-repository\com\typesafe\akka\akka-persistence-cassandra_2.11\0.22\akka-persistence-cassandra_2.11-0.22.jar;D:\maven-repository\com\datastax\cassandra\cassandra-driver-core\3.1.0\cassandra-driver-core-3.1.0.jar;D:\maven-repository\com\github\jnr\jnr-ffi\2.0.7\jnr-ffi-2.0.7.jar;D:\maven-repository\com\github\jnr\jffi\1.2.10\jffi-1.2.10.jar;D:\maven-repository\com\github\jnr\jffi\1.2.10\jffi-1.2.10-native.jar;D:\maven-repository\org\ow2\asm\asm\5.0.3\asm-5.0.3.jar;D:\maven-repository\org\ow2\asm\asm-commons\5.0.3\asm-commons-5.0.3.jar;D:\maven-repository\org\ow2\asm\asm-analysis\5.0.3\asm-analysis-5.0.3.jar;D:\maven-repository\org\ow2\asm\asm-tree\5.0.3\asm-tree-5.0.3.jar;D:\maven-repository\org\ow2\asm\asm-util\5.0.3\asm-util-5.0.3.jar;D:\maven-repository\com\github\jnr\jnr-x86asm\1.0.2\jnr-x86asm-1.0.2.jar;D:\maven-repository\com\github\jnr\jnr-posix\3.0.27\jnr-posix-3.0.27.jar;D:\maven-repository\com\github\jnr\jnr-constants\0.9.0\jnr-constants-0.9.0.jar;D:\maven-repository\com\typesafe\akka\akka-persistence_2.11\2.4.16\akka-persistence_2.11-2.4.16.jar;D:\maven-repository\com\typesafe\akka\akka-actor_2.11\2.4.16\akka-actor_2.11-2.4.16.jar;D:\maven-repository\com\typesafe\config\1.3.0\config-1.3.0.jar;D:\maven-repository\org\scala-lang\modules\scala-java8-compat_2.11\0.7.0\scala-java8-compat_2.11-0.7.0.jar;D:\maven-repository\com\typesafe\akka\akka-protobuf_2.11\2.4.16\akka-protobuf_2.11-2.4.16.jar;D:\maven-repository\com\typesafe\akka\akka-cluster-tools_2.11\2.4.16\akka-cluster-tools_2.11-2.4.16.jar;D:\maven-repository\com\typesafe\akka\akka-cluster_2.11\2.4.16\akka-cluster_2.11-2.4.16.jar;D:\maven-repository\com\typesafe\akka\akka-remote_2.11\2.4.16\akka-remote_2.11-2.4.16.jar;D:\maven-repository\io\netty\netty\3.10.6.Final\netty-3.10.6.F
Launcher Type: SUN_STANDARD

Environment Variables:
JAVA_HOME=C:\Program Files\Java\jdk1.8.0_144
CLASSPATH=.;C:\Program Files (x86)\scala\bin;
PATH=C:\Program Files\Java\jdk1.8.0_144\bin;C:\ProgramData\Oracle\Java\javapath;C:\WINDOWS\system32;C:\WINDOWS;C:\WINDOWS\System32\Wbem;C:\WINDOWS\System32\WindowsPowerShell\v1.0\;C:\Android;C:\Windows\System32;C:\Program Files (x86)\NVIDIA Corporation\PhysX\Common;C:\Program Files (x86)\GtkSharp\2.12\bin;D:\Git\cmd;C:\WINDOWS\system32;C:\WINDOWS;C:\WINDOWS\System32\Wbem;C:\WINDOWS\System32\WindowsPowerShell\v1.0\;C:\WINDOWS\System32\OpenSSH\;C:\Go\bin;C:\Program Files\nodejs\;C:\Program Files\Intel\WiFi\bin\;C:\Program Files\Common Files\Intel\WirelessCommon\;C:\Program Files\Microsoft VS Code\bin;C:\Program Files (x86)\scala\bin;C:\Program Files (x86)\scala\bin;D:\maven\bin\;C:\Users\15256\AppData\Local\Programs\Python\Python36\Scripts\;C:\Users\15256\AppData\Local\Programs\Python\Python36\;C:\Users\15256\AppData\Local\Microsoft\WindowsApps;D:\Fiddler;C:\Users\15256\AppData\Local\Microsoft\WindowsApps;D:\Program Files\opencv\build\x64;D:\Program Files\opencv\build\x64\vc15\bin£»;C:\Program Files\Microsoft VS Code\bin;C:\Program Files\Intel\WiFi\bin\;C:\Program Files\Common Files\Intel\WirelessCommon\;C:\Users\15256\go\bin;C:\Users\15256\AppData\Roaming\npm;D:\Bandizip\;D:\flutter\bin
USERNAME=15256
OS=Windows_NT
PROCESSOR_IDENTIFIER=Intel64 Family 6 Model 60 Stepping 3, GenuineIntel



---------------  S Y S T E M  ---------------

OS: Windows 10.0 , 64 bit Build 17134 (10.0.17134.753)

CPU:total 4 (initial active 4) (2 cores per cpu, 2 threads per core) family 6 model 60 stepping 3, cmov, cx8, fxsr, mmx, sse, sse2, sse3, ssse3, sse4.1, sse4.2, popcnt, avx, avx2, aes, clmul, erms, lzcnt, ht, tsc, tscinvbit, bmi1, bmi2

Memory: 4k page, physical 8298776k(383776k free), swap 19915004k(3492k free)

vm_info: Java HotSpot(TM) 64-Bit Server VM (25.144-b01) for windows-amd64 JRE (1.8.0_144-b01), built on Jul 21 2017 21:57:33 by "java_re" with MS VC++ 10.0 (VS2010)

time: Tue May 21 20:26:41 2019
elapsed time: 153 seconds (0d 0h 2m 33s)

